<?xml version="1.0" encoding="UTF-8"?>
<testsuite xmlns:xsi="http://www.w3.org/2001/XMLSchema-instance" xsi:noNamespaceSchemaLocation="https://maven.apache.org/surefire/maven-surefire-plugin/xsd/surefire-test-report-3.0.xsd" version="3.0" name="com.oracle.graalvm.demos.MainTest" time="3.753" tests="1" errors="0" skipped="0" failures="0">
  <properties>
    <property name="llvm.home" value="/Library/Java/JavaVirtualMachines/graalvm-ee-java11-21.2.0/Contents/Home/languages/llvm"/>
    <property name="gopherProxySet" value="false"/>
    <property name="awt.toolkit" value="sun.lwawt.macosx.LWCToolkit"/>
    <property name="java.specification.version" value="11"/>
    <property name="sun.cpu.isalist" value=""/>
    <property name="sun.jnu.encoding" value="UTF-8"/>
    <property name="jersey.config.allowSystemPropertiesProvider" value="true"/>
    <property name="regex.home" value="/Library/Java/JavaVirtualMachines/graalvm-ee-java11-21.2.0/Contents/Home/languages/regex"/>
    <property name="insight.home" value="/Library/Java/JavaVirtualMachines/graalvm-ee-java11-21.2.0/Contents/Home/tools/insight"/>
    <property name="java.class.path" value="/Users/nono/Projects/Workshops/EMEA-HOL-GraalVMPolyglot/GraalVM-Polyglot-Labs/01/covid19-trends/target/test-classes:/Users/nono/Projects/Workshops/EMEA-HOL-GraalVMPolyglot/GraalVM-Polyglot-Labs/01/covid19-trends/target/classes:/Users/nono/.m2/repository/org/graalvm/sdk/graal-sdk/21.2.0/graal-sdk-21.2.0.jar:/Users/nono/.m2/repository/io/helidon/microprofile/bundles/helidon-microprofile/2.3.2/helidon-microprofile-2.3.2.jar:/Users/nono/.m2/repository/io/helidon/microprofile/bundles/helidon-microprofile-core/2.3.2/helidon-microprofile-core-2.3.2.jar:/Users/nono/.m2/repository/io/helidon/microprofile/server/helidon-microprofile-server/2.3.2/helidon-microprofile-server-2.3.2.jar:/Users/nono/.m2/repository/io/helidon/microprofile/cdi/helidon-microprofile-cdi/2.3.2/helidon-microprofile-cdi-2.3.2.jar:/Users/nono/.m2/repository/io/helidon/microprofile/weld/weld-se-core/2.3.2/weld-se-core-2.3.2.jar:/Users/nono/.m2/repository/io/helidon/microprofile/weld/weld-core-impl/2.3.2/weld-core-impl-2.3.2.jar:/Users/nono/.m2/repository/org/jboss/weld/environment/weld-environment-common/3.1.6.Final/weld-environment-common-3.1.6.Final.jar:/Users/nono/.m2/repository/org/jboss/weld/weld-api/3.1.SP2/weld-api-3.1.SP2.jar:/Users/nono/.m2/repository/org/jboss/weld/weld-spi/3.1.SP2/weld-spi-3.1.SP2.jar:/Users/nono/.m2/repository/org/jboss/classfilewriter/jboss-classfilewriter/1.2.5.Final/jboss-classfilewriter-1.2.5.Final.jar:/Users/nono/.m2/repository/io/helidon/webserver/helidon-webserver/2.3.2/helidon-webserver-2.3.2.jar:/Users/nono/.m2/repository/io/helidon/common/helidon-common-http/2.3.2/helidon-common-http-2.3.2.jar:/Users/nono/.m2/repository/io/helidon/media/helidon-media-common/2.3.2/helidon-media-common-2.3.2.jar:/Users/nono/.m2/repository/io/opentracing/opentracing-api/0.33.0/opentracing-api-0.33.0.jar:/Users/nono/.m2/repository/io/opentracing/opentracing-noop/0.33.0/opentracing-noop-0.33.0.jar:/Users/nono/.m2/repository/io/netty/netty-codec-http/4.1.63.Final/netty-codec-http-4.1.63.Final.jar:/Users/nono/.m2/repository/io/netty/netty-common/4.1.63.Final/netty-common-4.1.63.Final.jar:/Users/nono/.m2/repository/io/netty/netty-transport/4.1.63.Final/netty-transport-4.1.63.Final.jar:/Users/nono/.m2/repository/io/netty/netty-codec/4.1.63.Final/netty-codec-4.1.63.Final.jar:/Users/nono/.m2/repository/io/netty/netty-codec-http2/4.1.63.Final/netty-codec-http2-4.1.63.Final.jar:/Users/nono/.m2/repository/io/netty/netty-handler/4.1.63.Final/netty-handler-4.1.63.Final.jar:/Users/nono/.m2/repository/io/netty/netty-resolver/4.1.63.Final/netty-resolver-4.1.63.Final.jar:/Users/nono/.m2/repository/io/helidon/webserver/helidon-webserver-static-content/2.3.2/helidon-webserver-static-content-2.3.2.jar:/Users/nono/.m2/repository/io/helidon/webserver/helidon-webserver-jersey/2.3.2/helidon-webserver-jersey-2.3.2.jar:/Users/nono/.m2/repository/io/helidon/jersey/helidon-jersey-server/2.3.2/helidon-jersey-server-2.3.2.jar:/Users/nono/.m2/repository/io/netty/netty-buffer/4.1.63.Final/netty-buffer-4.1.63.Final.jar:/Users/nono/.m2/repository/io/helidon/common/helidon-common-service-loader/2.3.2/helidon-common-service-loader-2.3.2.jar:/Users/nono/.m2/repository/jakarta/interceptor/jakarta.interceptor-api/1.2.5/jakarta.interceptor-api-1.2.5.jar:/Users/nono/.m2/repository/jakarta/enterprise/jakarta.enterprise.cdi-api/2.0.2/jakarta.enterprise.cdi-api-2.0.2.jar:/Users/nono/.m2/repository/jakarta/el/jakarta.el-api/3.0.3/jakarta.el-api-3.0.3.jar:/Users/nono/.m2/repository/io/helidon/media/helidon-media-jsonp/2.3.2/helidon-media-jsonp-2.3.2.jar:/Users/nono/.m2/repository/io/helidon/jersey/helidon-jersey-media-jsonp/2.3.2/helidon-jersey-media-jsonp-2.3.2.jar:/Users/nono/.m2/repository/org/glassfish/jersey/media/jersey-media-json-processing/2.34/jersey-media-json-processing-2.34.jar:/Users/nono/.m2/repository/org/glassfish/jsonp-jaxrs/1.1.6/jsonp-jaxrs-1.1.6.jar:/Users/nono/.m2/repository/io/helidon/microprofile/config/helidon-microprofile-config/2.3.2/helidon-microprofile-config-2.3.2.jar:/Users/nono/.m2/repository/io/helidon/config/helidon-config-mp/2.3.2/helidon-config-mp-2.3.2.jar:/Users/nono/.m2/repository/jakarta/annotation/jakarta.annotation-api/1.3.5/jakarta.annotation-api-1.3.5.jar:/Users/nono/.m2/repository/io/helidon/common/helidon-common/2.3.2/helidon-common-2.3.2.jar:/Users/nono/.m2/repository/io/helidon/config/helidon-config-yaml/2.3.2/helidon-config-yaml-2.3.2.jar:/Users/nono/.m2/repository/org/yaml/snakeyaml/1.27/snakeyaml-1.27.jar:/Users/nono/.m2/repository/io/helidon/config/helidon-config-encryption/2.3.2/helidon-config-encryption-2.3.2.jar:/Users/nono/.m2/repository/io/helidon/common/helidon-common-key-util/2.3.2/helidon-common-key-util-2.3.2.jar:/Users/nono/.m2/repository/io/helidon/common/helidon-common-crypto/2.3.2/helidon-common-crypto-2.3.2.jar:/Users/nono/.m2/repository/io/helidon/config/helidon-config-object-mapping/2.3.2/helidon-config-object-mapping-2.3.2.jar:/Users/nono/.m2/repository/io/helidon/microprofile/health/helidon-microprofile-health/2.3.2/helidon-microprofile-health-2.3.2.jar:/Users/nono/.m2/repository/io/helidon/health/helidon-health/2.3.2/helidon-health-2.3.2.jar:/Users/nono/.m2/repository/io/helidon/webserver/helidon-webserver-cors/2.3.2/helidon-webserver-cors-2.3.2.jar:/Users/nono/.m2/repository/org/eclipse/microprofile/config/microprofile-config-api/1.4/microprofile-config-api-1.4.jar:/Users/nono/.m2/repository/org/eclipse/microprofile/health/microprofile-health-api/2.2/microprofile-health-api-2.2.jar:/Users/nono/.m2/repository/io/helidon/health/helidon-health-common/2.3.2/helidon-health-common-2.3.2.jar:/Users/nono/.m2/repository/io/helidon/health/helidon-health-checks/2.3.2/helidon-health-checks-2.3.2.jar:/Users/nono/.m2/repository/io/helidon/config/helidon-config/2.3.2/helidon-config-2.3.2.jar:/Users/nono/.m2/repository/io/helidon/common/helidon-common-reactive/2.3.2/helidon-common-reactive-2.3.2.jar:/Users/nono/.m2/repository/io/helidon/common/helidon-common-mapper/2.3.2/helidon-common-mapper-2.3.2.jar:/Users/nono/.m2/repository/io/helidon/common/helidon-common-media-type/2.3.2/helidon-common-media-type-2.3.2.jar:/Users/nono/.m2/repository/io/helidon/microprofile/metrics/helidon-microprofile-metrics/2.3.2/helidon-microprofile-metrics-2.3.2.jar:/Users/nono/.m2/repository/io/helidon/service-common/helidon-service-common-rest-cdi/2.3.2/helidon-service-common-rest-cdi-2.3.2.jar:/Users/nono/.m2/repository/io/helidon/service-common/helidon-service-common-rest/2.3.2/helidon-service-common-rest-2.3.2.jar:/Users/nono/.m2/repository/io/helidon/metrics/helidon-metrics/2.3.2/helidon-metrics-2.3.2.jar:/Users/nono/.m2/repository/org/eclipse/microprofile/metrics/microprofile-metrics-api/2.3.2/microprofile-metrics-api-2.3.2.jar:/Users/nono/.m2/repository/io/helidon/microprofile/helidon-microprofile-fault-tolerance/2.3.2/helidon-microprofile-fault-tolerance-2.3.2.jar:/Users/nono/.m2/repository/org/eclipse/microprofile/fault-tolerance/microprofile-fault-tolerance-api/2.1.1/microprofile-fault-tolerance-api-2.1.1.jar:/Users/nono/.m2/repository/io/helidon/fault-tolerance/helidon-fault-tolerance/2.3.2/helidon-fault-tolerance-2.3.2.jar:/Users/nono/.m2/repository/io/helidon/common/helidon-common-configurable/2.3.2/helidon-common-configurable-2.3.2.jar:/Users/nono/.m2/repository/org/glassfish/jersey/ext/cdi/jersey-weld2-se/2.34/jersey-weld2-se-2.34.jar:/Users/nono/.m2/repository/org/glassfish/jersey/core/jersey-server/2.34/jersey-server-2.34.jar:/Users/nono/.m2/repository/jakarta/validation/jakarta.validation-api/2.0.2/jakarta.validation-api-2.0.2.jar:/Users/nono/.m2/repository/org/glassfish/jersey/ext/cdi/jersey-cdi1x/2.34/jersey-cdi1x-2.34.jar:/Users/nono/.m2/repository/jakarta/ws/rs/jakarta.ws.rs-api/2.1.6/jakarta.ws.rs-api-2.1.6.jar:/Users/nono/.m2/repository/io/helidon/microprofile/jwt/helidon-microprofile-jwt-auth/2.3.2/helidon-microprofile-jwt-auth-2.3.2.jar:/Users/nono/.m2/repository/org/eclipse/microprofile/jwt/microprofile-jwt-auth-api/1.1.1/microprofile-jwt-auth-api-1.1.1.jar:/Users/nono/.m2/repository/io/helidon/security/helidon-security-jwt/2.3.2/helidon-security-jwt-2.3.2.jar:/Users/nono/.m2/repository/io/helidon/security/helidon-security-util/2.3.2/helidon-security-util-2.3.2.jar:/Users/nono/.m2/repository/io/helidon/security/helidon-security/2.3.2/helidon-security-2.3.2.jar:/Users/nono/.m2/repository/io/opentracing/opentracing-util/0.33.0/opentracing-util-0.33.0.jar:/Users/nono/.m2/repository/io/helidon/security/integration/helidon-security-integration-jersey/2.3.2/helidon-security-integration-jersey-2.3.2.jar:/Users/nono/.m2/repository/io/helidon/security/helidon-security-annotations/2.3.2/helidon-security-annotations-2.3.2.jar:/Users/nono/.m2/repository/io/helidon/microprofile/helidon-microprofile-security/2.3.2/helidon-microprofile-security-2.3.2.jar:/Users/nono/.m2/repository/io/helidon/bundles/helidon-bundles-security/2.3.2/helidon-bundles-security-2.3.2.jar:/Users/nono/.m2/repository/io/helidon/security/providers/helidon-security-providers-header/2.3.2/helidon-security-providers-header-2.3.2.jar:/Users/nono/.m2/repository/io/helidon/security/providers/helidon-security-providers-http-auth/2.3.2/helidon-security-providers-http-auth-2.3.2.jar:/Users/nono/.m2/repository/io/helidon/security/providers/helidon-security-providers-http-sign/2.3.2/helidon-security-providers-http-sign-2.3.2.jar:/Users/nono/.m2/repository/io/helidon/security/providers/helidon-security-providers-jwt/2.3.2/helidon-security-providers-jwt-2.3.2.jar:/Users/nono/.m2/repository/io/helidon/security/providers/helidon-security-providers-abac/2.3.2/helidon-security-providers-abac-2.3.2.jar:/Users/nono/.m2/repository/io/helidon/security/providers/helidon-security-providers-oidc/2.3.2/helidon-security-providers-oidc-2.3.2.jar:/Users/nono/.m2/repository/io/helidon/security/providers/helidon-security-providers-oidc-common/2.3.2/helidon-security-providers-oidc-common-2.3.2.jar:/Users/nono/.m2/repository/io/helidon/security/abac/helidon-security-abac-time/2.3.2/helidon-security-abac-time-2.3.2.jar:/Users/nono/.m2/repository/io/helidon/security/abac/helidon-security-abac-role/2.3.2/helidon-security-abac-role-2.3.2.jar:/Users/nono/.m2/repository/io/helidon/security/abac/helidon-security-abac-scope/2.3.2/helidon-security-abac-scope-2.3.2.jar:/Users/nono/.m2/repository/io/helidon/security/abac/helidon-security-abac-policy/2.3.2/helidon-security-abac-policy-2.3.2.jar:/Users/nono/.m2/repository/io/helidon/security/integration/helidon-security-integration-webserver/2.3.2/helidon-security-integration-webserver-2.3.2.jar:/Users/nono/.m2/repository/io/helidon/security/providers/helidon-security-providers-common/2.3.2/helidon-security-providers-common-2.3.2.jar:/Users/nono/.m2/repository/io/helidon/security/integration/helidon-security-integration-jersey-client/2.3.2/helidon-security-integration-jersey-client-2.3.2.jar:/Users/nono/.m2/repository/io/helidon/security/integration/helidon-security-integration-common/2.3.2/helidon-security-integration-common-2.3.2.jar:/Users/nono/.m2/repository/io/helidon/tracing/helidon-tracing-config/2.3.2/helidon-tracing-config-2.3.2.jar:/Users/nono/.m2/repository/io/helidon/jersey/helidon-jersey-common/2.3.2/helidon-jersey-common-2.3.2.jar:/Users/nono/.m2/repository/io/helidon/webclient/helidon-webclient-jaxrs/2.3.2/helidon-webclient-jaxrs-2.3.2.jar:/Users/nono/.m2/repository/io/helidon/microprofile/openapi/helidon-microprofile-openapi/2.3.2/helidon-microprofile-openapi-2.3.2.jar:/Users/nono/.m2/repository/io/helidon/openapi/helidon-openapi/2.3.2/helidon-openapi-2.3.2.jar:/Users/nono/.m2/repository/io/smallrye/smallrye-open-api/1.2.3/smallrye-open-api-1.2.3.jar:/Users/nono/.m2/repository/org/jboss/logging/jboss-logging/3.2.1.Final/jboss-logging-3.2.1.Final.jar:/Users/nono/.m2/repository/org/eclipse/microprofile/openapi/microprofile-openapi-api/1.1.2/microprofile-openapi-api-1.1.2.jar:/Users/nono/.m2/repository/io/helidon/microprofile/rest-client/helidon-microprofile-rest-client/2.3.2/helidon-microprofile-rest-client-2.3.2.jar:/Users/nono/.m2/repository/org/eclipse/microprofile/rest/client/microprofile-rest-client-api/2.0/microprofile-rest-client-api-2.0.jar:/Users/nono/.m2/repository/io/helidon/common/helidon-common-context/2.3.2/helidon-common-context-2.3.2.jar:/Users/nono/.m2/repository/io/helidon/jersey/helidon-jersey-client/2.3.2/helidon-jersey-client-2.3.2.jar:/Users/nono/.m2/repository/org/glassfish/jersey/core/jersey-client/2.34/jersey-client-2.34.jar:/Users/nono/.m2/repository/org/glassfish/jersey/inject/jersey-hk2/2.34/jersey-hk2-2.34.jar:/Users/nono/.m2/repository/org/glassfish/hk2/hk2-locator/2.6.1/hk2-locator-2.6.1.jar:/Users/nono/.m2/repository/org/glassfish/hk2/external/aopalliance-repackaged/2.6.1/aopalliance-repackaged-2.6.1.jar:/Users/nono/.m2/repository/org/glassfish/hk2/hk2-api/2.6.1/hk2-api-2.6.1.jar:/Users/nono/.m2/repository/org/glassfish/hk2/hk2-utils/2.6.1/hk2-utils-2.6.1.jar:/Users/nono/.m2/repository/org/javassist/javassist/3.25.0-GA/javassist-3.25.0-GA.jar:/Users/nono/.m2/repository/jakarta/xml/bind/jakarta.xml.bind-api/2.3.3/jakarta.xml.bind-api-2.3.3.jar:/Users/nono/.m2/repository/jakarta/activation/jakarta.activation-api/1.2.2/jakarta.activation-api-1.2.2.jar:/Users/nono/.m2/repository/jakarta/inject/jakarta.inject-api/1.0/jakarta.inject-api-1.0.jar:/Users/nono/.m2/repository/org/glassfish/jersey/ext/microprofile/jersey-mp-rest-client/2.34/jersey-mp-rest-client-2.34.jar:/Users/nono/.m2/repository/org/reactivestreams/reactive-streams/1.0.3/reactive-streams-1.0.3.jar:/Users/nono/.m2/repository/org/glassfish/jersey/media/jersey-media-sse/2.34/jersey-media-sse-2.34.jar:/Users/nono/.m2/repository/io/helidon/microprofile/tracing/helidon-microprofile-tracing/2.3.2/helidon-microprofile-tracing-2.3.2.jar:/Users/nono/.m2/repository/io/helidon/tracing/helidon-tracing-jersey/2.3.2/helidon-tracing-jersey-2.3.2.jar:/Users/nono/.m2/repository/io/helidon/tracing/helidon-tracing/2.3.2/helidon-tracing-2.3.2.jar:/Users/nono/.m2/repository/io/helidon/tracing/helidon-tracing-jersey-client/2.3.2/helidon-tracing-jersey-client-2.3.2.jar:/Users/nono/.m2/repository/org/eclipse/microprofile/opentracing/microprofile-opentracing-api/1.3.3/microprofile-opentracing-api-1.3.3.jar:/Users/nono/.m2/repository/io/helidon/tracing/helidon-tracing-tracer-resolver/2.3.2/helidon-tracing-tracer-resolver-2.3.2.jar:/Users/nono/.m2/repository/io/opentracing/contrib/opentracing-tracerresolver/0.1.8/opentracing-tracerresolver-0.1.8.jar:/Users/nono/.m2/repository/org/glassfish/jersey/media/jersey-media-json-binding/2.34/jersey-media-json-binding-2.34.jar:/Users/nono/.m2/repository/org/glassfish/jersey/core/jersey-common/2.34/jersey-common-2.34.jar:/Users/nono/.m2/repository/org/glassfish/hk2/osgi-resource-locator/1.0.3/osgi-resource-locator-1.0.3.jar:/Users/nono/.m2/repository/org/glassfish/jakarta.json/1.1.6/jakarta.json-1.1.6.jar:/Users/nono/.m2/repository/jakarta/json/bind/jakarta.json.bind-api/1.0.2/jakarta.json.bind-api-1.0.2.jar:/Users/nono/.m2/repository/org/eclipse/yasson/1.0.8/yasson-1.0.8.jar:/Users/nono/.m2/repository/org/glassfish/jakarta.json/1.1.6/jakarta.json-1.1.6-module.jar:/Users/nono/.m2/repository/org/jboss/jandex/2.1.1.Final/jandex-2.1.1.Final.jar:/Users/nono/.m2/repository/org/junit/jupiter/junit-jupiter-api/5.7.0/junit-jupiter-api-5.7.0.jar:/Users/nono/.m2/repository/org/apiguardian/apiguardian-api/1.1.0/apiguardian-api-1.1.0.jar:/Users/nono/.m2/repository/org/opentest4j/opentest4j/1.2.0/opentest4j-1.2.0.jar:/Users/nono/.m2/repository/org/junit/platform/junit-platform-commons/1.7.0/junit-platform-commons-1.7.0.jar:"/>
    <property name="java.vm.vendor" value="Oracle Corporation"/>
    <property name="sun.arch.data.model" value="64"/>
    <property name="org.graalvm.version" value="21.2.0"/>
    <property name="java.vendor.url" value="https://openjdk.java.net/"/>
    <property name="user.timezone" value="Europe/Paris"/>
    <property name="org.graalvm.tool.insightheap.home" value="/Library/Java/JavaVirtualMachines/graalvm-ee-java11-21.2.0/Contents/Home/tools/insightheap"/>
    <property name="os.name" value="Mac OS X"/>
    <property name="java.vm.specification.version" value="11"/>
    <property name="org.graalvm.tool.chromeinspector.home" value="/Library/Java/JavaVirtualMachines/graalvm-ee-java11-21.2.0/Contents/Home/tools/chromeinspector"/>
    <property name="sun.java.launcher" value="SUN_STANDARD"/>
    <property name="user.country" value="FR"/>
    <property name="nfi.home" value="/Library/Java/JavaVirtualMachines/graalvm-ee-java11-21.2.0/Contents/Home/languages/nfi"/>
    <property name="sun.boot.library.path" value="/Library/Java/JavaVirtualMachines/graalvm-ee-java11-21.2.0/Contents/Home/lib"/>
    <property name="sun.java.command" value="/Users/nono/Projects/Workshops/EMEA-HOL-GraalVMPolyglot/GraalVM-Polyglot-Labs/01/covid19-trends/target/surefire/surefirebooter16119467030116026059.jar /Users/nono/Projects/Workshops/EMEA-HOL-GraalVMPolyglot/GraalVM-Polyglot-Labs/01/covid19-trends/target/surefire 2021-08-11T11-53-36_452-jvmRun1 surefire8544063181421412540tmp surefire_02804310676119312310tmp"/>
    <property name="org.graalvm.language.python.home" value="/Library/Java/JavaVirtualMachines/graalvm-ee-java11-21.2.0/Contents/Home/languages/python"/>
    <property name="jdk.debug" value="release"/>
    <property name="surefire.test.class.path" value="/Users/nono/Projects/Workshops/EMEA-HOL-GraalVMPolyglot/GraalVM-Polyglot-Labs/01/covid19-trends/target/test-classes:/Users/nono/Projects/Workshops/EMEA-HOL-GraalVMPolyglot/GraalVM-Polyglot-Labs/01/covid19-trends/target/classes:/Users/nono/.m2/repository/org/graalvm/sdk/graal-sdk/21.2.0/graal-sdk-21.2.0.jar:/Users/nono/.m2/repository/io/helidon/microprofile/bundles/helidon-microprofile/2.3.2/helidon-microprofile-2.3.2.jar:/Users/nono/.m2/repository/io/helidon/microprofile/bundles/helidon-microprofile-core/2.3.2/helidon-microprofile-core-2.3.2.jar:/Users/nono/.m2/repository/io/helidon/microprofile/server/helidon-microprofile-server/2.3.2/helidon-microprofile-server-2.3.2.jar:/Users/nono/.m2/repository/io/helidon/microprofile/cdi/helidon-microprofile-cdi/2.3.2/helidon-microprofile-cdi-2.3.2.jar:/Users/nono/.m2/repository/io/helidon/microprofile/weld/weld-se-core/2.3.2/weld-se-core-2.3.2.jar:/Users/nono/.m2/repository/io/helidon/microprofile/weld/weld-core-impl/2.3.2/weld-core-impl-2.3.2.jar:/Users/nono/.m2/repository/org/jboss/weld/environment/weld-environment-common/3.1.6.Final/weld-environment-common-3.1.6.Final.jar:/Users/nono/.m2/repository/org/jboss/weld/weld-api/3.1.SP2/weld-api-3.1.SP2.jar:/Users/nono/.m2/repository/org/jboss/weld/weld-spi/3.1.SP2/weld-spi-3.1.SP2.jar:/Users/nono/.m2/repository/org/jboss/classfilewriter/jboss-classfilewriter/1.2.5.Final/jboss-classfilewriter-1.2.5.Final.jar:/Users/nono/.m2/repository/io/helidon/webserver/helidon-webserver/2.3.2/helidon-webserver-2.3.2.jar:/Users/nono/.m2/repository/io/helidon/common/helidon-common-http/2.3.2/helidon-common-http-2.3.2.jar:/Users/nono/.m2/repository/io/helidon/media/helidon-media-common/2.3.2/helidon-media-common-2.3.2.jar:/Users/nono/.m2/repository/io/opentracing/opentracing-api/0.33.0/opentracing-api-0.33.0.jar:/Users/nono/.m2/repository/io/opentracing/opentracing-noop/0.33.0/opentracing-noop-0.33.0.jar:/Users/nono/.m2/repository/io/netty/netty-codec-http/4.1.63.Final/netty-codec-http-4.1.63.Final.jar:/Users/nono/.m2/repository/io/netty/netty-common/4.1.63.Final/netty-common-4.1.63.Final.jar:/Users/nono/.m2/repository/io/netty/netty-transport/4.1.63.Final/netty-transport-4.1.63.Final.jar:/Users/nono/.m2/repository/io/netty/netty-codec/4.1.63.Final/netty-codec-4.1.63.Final.jar:/Users/nono/.m2/repository/io/netty/netty-codec-http2/4.1.63.Final/netty-codec-http2-4.1.63.Final.jar:/Users/nono/.m2/repository/io/netty/netty-handler/4.1.63.Final/netty-handler-4.1.63.Final.jar:/Users/nono/.m2/repository/io/netty/netty-resolver/4.1.63.Final/netty-resolver-4.1.63.Final.jar:/Users/nono/.m2/repository/io/helidon/webserver/helidon-webserver-static-content/2.3.2/helidon-webserver-static-content-2.3.2.jar:/Users/nono/.m2/repository/io/helidon/webserver/helidon-webserver-jersey/2.3.2/helidon-webserver-jersey-2.3.2.jar:/Users/nono/.m2/repository/io/helidon/jersey/helidon-jersey-server/2.3.2/helidon-jersey-server-2.3.2.jar:/Users/nono/.m2/repository/io/netty/netty-buffer/4.1.63.Final/netty-buffer-4.1.63.Final.jar:/Users/nono/.m2/repository/io/helidon/common/helidon-common-service-loader/2.3.2/helidon-common-service-loader-2.3.2.jar:/Users/nono/.m2/repository/jakarta/interceptor/jakarta.interceptor-api/1.2.5/jakarta.interceptor-api-1.2.5.jar:/Users/nono/.m2/repository/jakarta/enterprise/jakarta.enterprise.cdi-api/2.0.2/jakarta.enterprise.cdi-api-2.0.2.jar:/Users/nono/.m2/repository/jakarta/el/jakarta.el-api/3.0.3/jakarta.el-api-3.0.3.jar:/Users/nono/.m2/repository/io/helidon/media/helidon-media-jsonp/2.3.2/helidon-media-jsonp-2.3.2.jar:/Users/nono/.m2/repository/io/helidon/jersey/helidon-jersey-media-jsonp/2.3.2/helidon-jersey-media-jsonp-2.3.2.jar:/Users/nono/.m2/repository/org/glassfish/jersey/media/jersey-media-json-processing/2.34/jersey-media-json-processing-2.34.jar:/Users/nono/.m2/repository/org/glassfish/jsonp-jaxrs/1.1.6/jsonp-jaxrs-1.1.6.jar:/Users/nono/.m2/repository/io/helidon/microprofile/config/helidon-microprofile-config/2.3.2/helidon-microprofile-config-2.3.2.jar:/Users/nono/.m2/repository/io/helidon/config/helidon-config-mp/2.3.2/helidon-config-mp-2.3.2.jar:/Users/nono/.m2/repository/jakarta/annotation/jakarta.annotation-api/1.3.5/jakarta.annotation-api-1.3.5.jar:/Users/nono/.m2/repository/io/helidon/common/helidon-common/2.3.2/helidon-common-2.3.2.jar:/Users/nono/.m2/repository/io/helidon/config/helidon-config-yaml/2.3.2/helidon-config-yaml-2.3.2.jar:/Users/nono/.m2/repository/org/yaml/snakeyaml/1.27/snakeyaml-1.27.jar:/Users/nono/.m2/repository/io/helidon/config/helidon-config-encryption/2.3.2/helidon-config-encryption-2.3.2.jar:/Users/nono/.m2/repository/io/helidon/common/helidon-common-key-util/2.3.2/helidon-common-key-util-2.3.2.jar:/Users/nono/.m2/repository/io/helidon/common/helidon-common-crypto/2.3.2/helidon-common-crypto-2.3.2.jar:/Users/nono/.m2/repository/io/helidon/config/helidon-config-object-mapping/2.3.2/helidon-config-object-mapping-2.3.2.jar:/Users/nono/.m2/repository/io/helidon/microprofile/health/helidon-microprofile-health/2.3.2/helidon-microprofile-health-2.3.2.jar:/Users/nono/.m2/repository/io/helidon/health/helidon-health/2.3.2/helidon-health-2.3.2.jar:/Users/nono/.m2/repository/io/helidon/webserver/helidon-webserver-cors/2.3.2/helidon-webserver-cors-2.3.2.jar:/Users/nono/.m2/repository/org/eclipse/microprofile/config/microprofile-config-api/1.4/microprofile-config-api-1.4.jar:/Users/nono/.m2/repository/org/eclipse/microprofile/health/microprofile-health-api/2.2/microprofile-health-api-2.2.jar:/Users/nono/.m2/repository/io/helidon/health/helidon-health-common/2.3.2/helidon-health-common-2.3.2.jar:/Users/nono/.m2/repository/io/helidon/health/helidon-health-checks/2.3.2/helidon-health-checks-2.3.2.jar:/Users/nono/.m2/repository/io/helidon/config/helidon-config/2.3.2/helidon-config-2.3.2.jar:/Users/nono/.m2/repository/io/helidon/common/helidon-common-reactive/2.3.2/helidon-common-reactive-2.3.2.jar:/Users/nono/.m2/repository/io/helidon/common/helidon-common-mapper/2.3.2/helidon-common-mapper-2.3.2.jar:/Users/nono/.m2/repository/io/helidon/common/helidon-common-media-type/2.3.2/helidon-common-media-type-2.3.2.jar:/Users/nono/.m2/repository/io/helidon/microprofile/metrics/helidon-microprofile-metrics/2.3.2/helidon-microprofile-metrics-2.3.2.jar:/Users/nono/.m2/repository/io/helidon/service-common/helidon-service-common-rest-cdi/2.3.2/helidon-service-common-rest-cdi-2.3.2.jar:/Users/nono/.m2/repository/io/helidon/service-common/helidon-service-common-rest/2.3.2/helidon-service-common-rest-2.3.2.jar:/Users/nono/.m2/repository/io/helidon/metrics/helidon-metrics/2.3.2/helidon-metrics-2.3.2.jar:/Users/nono/.m2/repository/org/eclipse/microprofile/metrics/microprofile-metrics-api/2.3.2/microprofile-metrics-api-2.3.2.jar:/Users/nono/.m2/repository/io/helidon/microprofile/helidon-microprofile-fault-tolerance/2.3.2/helidon-microprofile-fault-tolerance-2.3.2.jar:/Users/nono/.m2/repository/org/eclipse/microprofile/fault-tolerance/microprofile-fault-tolerance-api/2.1.1/microprofile-fault-tolerance-api-2.1.1.jar:/Users/nono/.m2/repository/io/helidon/fault-tolerance/helidon-fault-tolerance/2.3.2/helidon-fault-tolerance-2.3.2.jar:/Users/nono/.m2/repository/io/helidon/common/helidon-common-configurable/2.3.2/helidon-common-configurable-2.3.2.jar:/Users/nono/.m2/repository/org/glassfish/jersey/ext/cdi/jersey-weld2-se/2.34/jersey-weld2-se-2.34.jar:/Users/nono/.m2/repository/org/glassfish/jersey/core/jersey-server/2.34/jersey-server-2.34.jar:/Users/nono/.m2/repository/jakarta/validation/jakarta.validation-api/2.0.2/jakarta.validation-api-2.0.2.jar:/Users/nono/.m2/repository/org/glassfish/jersey/ext/cdi/jersey-cdi1x/2.34/jersey-cdi1x-2.34.jar:/Users/nono/.m2/repository/jakarta/ws/rs/jakarta.ws.rs-api/2.1.6/jakarta.ws.rs-api-2.1.6.jar:/Users/nono/.m2/repository/io/helidon/microprofile/jwt/helidon-microprofile-jwt-auth/2.3.2/helidon-microprofile-jwt-auth-2.3.2.jar:/Users/nono/.m2/repository/org/eclipse/microprofile/jwt/microprofile-jwt-auth-api/1.1.1/microprofile-jwt-auth-api-1.1.1.jar:/Users/nono/.m2/repository/io/helidon/security/helidon-security-jwt/2.3.2/helidon-security-jwt-2.3.2.jar:/Users/nono/.m2/repository/io/helidon/security/helidon-security-util/2.3.2/helidon-security-util-2.3.2.jar:/Users/nono/.m2/repository/io/helidon/security/helidon-security/2.3.2/helidon-security-2.3.2.jar:/Users/nono/.m2/repository/io/opentracing/opentracing-util/0.33.0/opentracing-util-0.33.0.jar:/Users/nono/.m2/repository/io/helidon/security/integration/helidon-security-integration-jersey/2.3.2/helidon-security-integration-jersey-2.3.2.jar:/Users/nono/.m2/repository/io/helidon/security/helidon-security-annotations/2.3.2/helidon-security-annotations-2.3.2.jar:/Users/nono/.m2/repository/io/helidon/microprofile/helidon-microprofile-security/2.3.2/helidon-microprofile-security-2.3.2.jar:/Users/nono/.m2/repository/io/helidon/bundles/helidon-bundles-security/2.3.2/helidon-bundles-security-2.3.2.jar:/Users/nono/.m2/repository/io/helidon/security/providers/helidon-security-providers-header/2.3.2/helidon-security-providers-header-2.3.2.jar:/Users/nono/.m2/repository/io/helidon/security/providers/helidon-security-providers-http-auth/2.3.2/helidon-security-providers-http-auth-2.3.2.jar:/Users/nono/.m2/repository/io/helidon/security/providers/helidon-security-providers-http-sign/2.3.2/helidon-security-providers-http-sign-2.3.2.jar:/Users/nono/.m2/repository/io/helidon/security/providers/helidon-security-providers-jwt/2.3.2/helidon-security-providers-jwt-2.3.2.jar:/Users/nono/.m2/repository/io/helidon/security/providers/helidon-security-providers-abac/2.3.2/helidon-security-providers-abac-2.3.2.jar:/Users/nono/.m2/repository/io/helidon/security/providers/helidon-security-providers-oidc/2.3.2/helidon-security-providers-oidc-2.3.2.jar:/Users/nono/.m2/repository/io/helidon/security/providers/helidon-security-providers-oidc-common/2.3.2/helidon-security-providers-oidc-common-2.3.2.jar:/Users/nono/.m2/repository/io/helidon/security/abac/helidon-security-abac-time/2.3.2/helidon-security-abac-time-2.3.2.jar:/Users/nono/.m2/repository/io/helidon/security/abac/helidon-security-abac-role/2.3.2/helidon-security-abac-role-2.3.2.jar:/Users/nono/.m2/repository/io/helidon/security/abac/helidon-security-abac-scope/2.3.2/helidon-security-abac-scope-2.3.2.jar:/Users/nono/.m2/repository/io/helidon/security/abac/helidon-security-abac-policy/2.3.2/helidon-security-abac-policy-2.3.2.jar:/Users/nono/.m2/repository/io/helidon/security/integration/helidon-security-integration-webserver/2.3.2/helidon-security-integration-webserver-2.3.2.jar:/Users/nono/.m2/repository/io/helidon/security/providers/helidon-security-providers-common/2.3.2/helidon-security-providers-common-2.3.2.jar:/Users/nono/.m2/repository/io/helidon/security/integration/helidon-security-integration-jersey-client/2.3.2/helidon-security-integration-jersey-client-2.3.2.jar:/Users/nono/.m2/repository/io/helidon/security/integration/helidon-security-integration-common/2.3.2/helidon-security-integration-common-2.3.2.jar:/Users/nono/.m2/repository/io/helidon/tracing/helidon-tracing-config/2.3.2/helidon-tracing-config-2.3.2.jar:/Users/nono/.m2/repository/io/helidon/jersey/helidon-jersey-common/2.3.2/helidon-jersey-common-2.3.2.jar:/Users/nono/.m2/repository/io/helidon/webclient/helidon-webclient-jaxrs/2.3.2/helidon-webclient-jaxrs-2.3.2.jar:/Users/nono/.m2/repository/io/helidon/microprofile/openapi/helidon-microprofile-openapi/2.3.2/helidon-microprofile-openapi-2.3.2.jar:/Users/nono/.m2/repository/io/helidon/openapi/helidon-openapi/2.3.2/helidon-openapi-2.3.2.jar:/Users/nono/.m2/repository/io/smallrye/smallrye-open-api/1.2.3/smallrye-open-api-1.2.3.jar:/Users/nono/.m2/repository/org/jboss/logging/jboss-logging/3.2.1.Final/jboss-logging-3.2.1.Final.jar:/Users/nono/.m2/repository/org/eclipse/microprofile/openapi/microprofile-openapi-api/1.1.2/microprofile-openapi-api-1.1.2.jar:/Users/nono/.m2/repository/io/helidon/microprofile/rest-client/helidon-microprofile-rest-client/2.3.2/helidon-microprofile-rest-client-2.3.2.jar:/Users/nono/.m2/repository/org/eclipse/microprofile/rest/client/microprofile-rest-client-api/2.0/microprofile-rest-client-api-2.0.jar:/Users/nono/.m2/repository/io/helidon/common/helidon-common-context/2.3.2/helidon-common-context-2.3.2.jar:/Users/nono/.m2/repository/io/helidon/jersey/helidon-jersey-client/2.3.2/helidon-jersey-client-2.3.2.jar:/Users/nono/.m2/repository/org/glassfish/jersey/core/jersey-client/2.34/jersey-client-2.34.jar:/Users/nono/.m2/repository/org/glassfish/jersey/inject/jersey-hk2/2.34/jersey-hk2-2.34.jar:/Users/nono/.m2/repository/org/glassfish/hk2/hk2-locator/2.6.1/hk2-locator-2.6.1.jar:/Users/nono/.m2/repository/org/glassfish/hk2/external/aopalliance-repackaged/2.6.1/aopalliance-repackaged-2.6.1.jar:/Users/nono/.m2/repository/org/glassfish/hk2/hk2-api/2.6.1/hk2-api-2.6.1.jar:/Users/nono/.m2/repository/org/glassfish/hk2/hk2-utils/2.6.1/hk2-utils-2.6.1.jar:/Users/nono/.m2/repository/org/javassist/javassist/3.25.0-GA/javassist-3.25.0-GA.jar:/Users/nono/.m2/repository/jakarta/xml/bind/jakarta.xml.bind-api/2.3.3/jakarta.xml.bind-api-2.3.3.jar:/Users/nono/.m2/repository/jakarta/activation/jakarta.activation-api/1.2.2/jakarta.activation-api-1.2.2.jar:/Users/nono/.m2/repository/jakarta/inject/jakarta.inject-api/1.0/jakarta.inject-api-1.0.jar:/Users/nono/.m2/repository/org/glassfish/jersey/ext/microprofile/jersey-mp-rest-client/2.34/jersey-mp-rest-client-2.34.jar:/Users/nono/.m2/repository/org/reactivestreams/reactive-streams/1.0.3/reactive-streams-1.0.3.jar:/Users/nono/.m2/repository/org/glassfish/jersey/media/jersey-media-sse/2.34/jersey-media-sse-2.34.jar:/Users/nono/.m2/repository/io/helidon/microprofile/tracing/helidon-microprofile-tracing/2.3.2/helidon-microprofile-tracing-2.3.2.jar:/Users/nono/.m2/repository/io/helidon/tracing/helidon-tracing-jersey/2.3.2/helidon-tracing-jersey-2.3.2.jar:/Users/nono/.m2/repository/io/helidon/tracing/helidon-tracing/2.3.2/helidon-tracing-2.3.2.jar:/Users/nono/.m2/repository/io/helidon/tracing/helidon-tracing-jersey-client/2.3.2/helidon-tracing-jersey-client-2.3.2.jar:/Users/nono/.m2/repository/org/eclipse/microprofile/opentracing/microprofile-opentracing-api/1.3.3/microprofile-opentracing-api-1.3.3.jar:/Users/nono/.m2/repository/io/helidon/tracing/helidon-tracing-tracer-resolver/2.3.2/helidon-tracing-tracer-resolver-2.3.2.jar:/Users/nono/.m2/repository/io/opentracing/contrib/opentracing-tracerresolver/0.1.8/opentracing-tracerresolver-0.1.8.jar:/Users/nono/.m2/repository/org/glassfish/jersey/media/jersey-media-json-binding/2.34/jersey-media-json-binding-2.34.jar:/Users/nono/.m2/repository/org/glassfish/jersey/core/jersey-common/2.34/jersey-common-2.34.jar:/Users/nono/.m2/repository/org/glassfish/hk2/osgi-resource-locator/1.0.3/osgi-resource-locator-1.0.3.jar:/Users/nono/.m2/repository/org/glassfish/jakarta.json/1.1.6/jakarta.json-1.1.6.jar:/Users/nono/.m2/repository/jakarta/json/bind/jakarta.json.bind-api/1.0.2/jakarta.json.bind-api-1.0.2.jar:/Users/nono/.m2/repository/org/eclipse/yasson/1.0.8/yasson-1.0.8.jar:/Users/nono/.m2/repository/org/glassfish/jakarta.json/1.1.6/jakarta.json-1.1.6-module.jar:/Users/nono/.m2/repository/org/jboss/jandex/2.1.1.Final/jandex-2.1.1.Final.jar:/Users/nono/.m2/repository/org/junit/jupiter/junit-jupiter-api/5.7.0/junit-jupiter-api-5.7.0.jar:/Users/nono/.m2/repository/org/apiguardian/apiguardian-api/1.1.0/apiguardian-api-1.1.0.jar:/Users/nono/.m2/repository/org/opentest4j/opentest4j/1.2.0/opentest4j-1.2.0.jar:/Users/nono/.m2/repository/org/junit/platform/junit-platform-commons/1.7.0/junit-platform-commons-1.7.0.jar:"/>
    <property name="sun.cpu.endian" value="little"/>
    <property name="org.graalvm.tool.sandbox.home" value="/Library/Java/JavaVirtualMachines/graalvm-ee-java11-21.2.0/Contents/Home/tools/sandbox"/>
    <property name="user.home" value="/Users/nono"/>
    <property name="user.language" value="fr"/>
    <property name="lsp.home" value="/Library/Java/JavaVirtualMachines/graalvm-ee-java11-21.2.0/Contents/Home/tools/lsp"/>
    <property name="java.specification.vendor" value="Oracle Corporation"/>
    <property name="org.graalvm.tool.coverage.home" value="/Library/Java/JavaVirtualMachines/graalvm-ee-java11-21.2.0/Contents/Home/tools/coverage"/>
    <property name="java.version.date" value="2021-07-20"/>
    <property name="java.home" value="/Library/Java/JavaVirtualMachines/graalvm-ee-java11-21.2.0/Contents/Home"/>
    <property name="org.graalvm.tool.lsp.home" value="/Library/Java/JavaVirtualMachines/graalvm-ee-java11-21.2.0/Contents/Home/tools/lsp"/>
    <property name="js.home" value="/Library/Java/JavaVirtualMachines/graalvm-ee-java11-21.2.0/Contents/Home/languages/js"/>
    <property name="file.separator" value="/"/>
    <property name="basedir" value="/Users/nono/Projects/Workshops/EMEA-HOL-GraalVMPolyglot/GraalVM-Polyglot-Labs/01/covid19-trends"/>
    <property name="java.vm.compressedOopsMode" value="Zero based"/>
    <property name="line.separator" value="&#10;"/>
    <property name="jdk.internal.vm.ci.enabled" value="true"/>
    <property name="python.home" value="/Library/Java/JavaVirtualMachines/graalvm-ee-java11-21.2.0/Contents/Home/languages/python"/>
    <property name="coverage.home" value="/Library/Java/JavaVirtualMachines/graalvm-ee-java11-21.2.0/Contents/Home/tools/coverage"/>
    <property name="java.specification.name" value="Java Platform API Specification"/>
    <property name="java.vm.specification.vendor" value="Oracle Corporation"/>
    <property name="org.graalvm.language.js.home" value="/Library/Java/JavaVirtualMachines/graalvm-ee-java11-21.2.0/Contents/Home/languages/js"/>
    <property name="chromeinspector.home" value="/Library/Java/JavaVirtualMachines/graalvm-ee-java11-21.2.0/Contents/Home/tools/chromeinspector"/>
    <property name="java.awt.graphicsenv" value="sun.awt.CGraphicsEnvironment"/>
    <property name="org.graalvm.language.regex.home" value="/Library/Java/JavaVirtualMachines/graalvm-ee-java11-21.2.0/Contents/Home/languages/regex"/>
    <property name="org.graalvm.tool.profiler.home" value="/Library/Java/JavaVirtualMachines/graalvm-ee-java11-21.2.0/Contents/Home/tools/profiler"/>
    <property name="surefire.real.class.path" value="/Users/nono/Projects/Workshops/EMEA-HOL-GraalVMPolyglot/GraalVM-Polyglot-Labs/01/covid19-trends/target/surefire/surefirebooter16119467030116026059.jar"/>
    <property name="org.graalvm.language.llvm.home" value="/Library/Java/JavaVirtualMachines/graalvm-ee-java11-21.2.0/Contents/Home/languages/llvm"/>
    <property name="java.util.logging.config.file" value="/Users/nono/Projects/Workshops/EMEA-HOL-GraalVMPolyglot/GraalVM-Polyglot-Labs/01/covid19-trends/target/classes/logging.properties"/>
    <property name="sun.management.compiler" value="HotSpot 64-Bit Tiered Compilers"/>
    <property name="profiler.home" value="/Library/Java/JavaVirtualMachines/graalvm-ee-java11-21.2.0/Contents/Home/tools/profiler"/>
    <property name="java.runtime.version" value="11.0.12+8-LTS-jvmci-21.2-b06"/>
    <property name="user.name" value="nono"/>
    <property name="path.separator" value=":"/>
    <property name="os.version" value="10.15.7"/>
    <property name="java.runtime.name" value="Java(TM) SE Runtime Environment"/>
    <property name="skipTest" value="true"/>
    <property name="dap.home" value="/Library/Java/JavaVirtualMachines/graalvm-ee-java11-21.2.0/Contents/Home/tools/dap"/>
    <property name="file.encoding" value="UTF-8"/>
    <property name="insightheap.home" value="/Library/Java/JavaVirtualMachines/graalvm-ee-java11-21.2.0/Contents/Home/tools/insightheap"/>
    <property name="sun.nio.ch.bugLevel" value=""/>
    <property name="java.vm.name" value="Java HotSpot(TM) 64-Bit Server VM"/>
    <property name="org.graalvm.tool.insight.home" value="/Library/Java/JavaVirtualMachines/graalvm-ee-java11-21.2.0/Contents/Home/tools/insight"/>
    <property name="java.vendor.version" value="GraalVM EE 21.2.0"/>
    <property name="R.home" value="/Library/Java/JavaVirtualMachines/graalvm-ee-java11-21.2.0/Contents/Home/languages/R"/>
    <property name="localRepository" value="/Users/nono/.m2/repository"/>
    <property name="jersey.config.client.ignoreExceptionResponse" value="true"/>
    <property name="java.vendor.url.bug" value="https://bugreport.java.com/bugreport/"/>
    <property name="java.io.tmpdir" value="/var/folders/93/n0klc01d5d9f6vs1bdpctjww0000gn/T/"/>
    <property name="sandbox.home" value="/Library/Java/JavaVirtualMachines/graalvm-ee-java11-21.2.0/Contents/Home/tools/sandbox"/>
    <property name="java.version" value="11.0.12"/>
    <property name="org.graalvm.language.R.home" value="/Library/Java/JavaVirtualMachines/graalvm-ee-java11-21.2.0/Contents/Home/languages/R"/>
    <property name="user.dir" value="/Users/nono/Projects/Workshops/EMEA-HOL-GraalVMPolyglot/GraalVM-Polyglot-Labs/01/covid19-trends"/>
    <property name="os.arch" value="x86_64"/>
    <property name="java.vm.specification.name" value="Java Virtual Machine Specification"/>
    <property name="java.awt.printerjob" value="sun.lwawt.macosx.CPrinterJob"/>
    <property name="sun.os.patch.level" value="unknown"/>
    <property name="org.graalvm.tool.dap.home" value="/Library/Java/JavaVirtualMachines/graalvm-ee-java11-21.2.0/Contents/Home/tools/dap"/>
    <property name="java.library.path" value="/Users/nono/Library/Java/Extensions:/Library/Java/Extensions:/Network/Library/Java/Extensions:/System/Library/Java/Extensions:/usr/lib/java:."/>
    <property name="java.vendor" value="Oracle Corporation"/>
    <property name="java.vm.info" value="mixed mode, sharing"/>
    <property name="java.vm.version" value="11.0.12+8-LTS-jvmci-21.2-b06"/>
    <property name="sun.io.unicode.encoding" value="UnicodeBig"/>
    <property name="org.graalvm.home" value="/Library/Java/JavaVirtualMachines/graalvm-ee-java11-21.2.0/Contents/Home"/>
    <property name="java.class.version" value="55.0"/>
    <property name="org.graalvm.language.nfi.home" value="/Library/Java/JavaVirtualMachines/graalvm-ee-java11-21.2.0/Contents/Home/languages/nfi"/>
  </properties>
  <testcase name="testHelloWorld" classname="com.oracle.graalvm.demos.MainTest" time="1.268">
    <system-out><![CDATA[2021.08.11 11:53:39 INFO io.helidon.common.LogConfig Thread[main,5,main]: Logging at initialization configured using /Users/nono/Projects/Workshops/EMEA-HOL-GraalVMPolyglot/GraalVM-Polyglot-Labs/01/covid19-trends/target/classes/logging.properties
2021.08.11 11:53:40 INFO io.helidon.tracing.tracerresolver.TracerResolverBuilder Thread[main,5,main]: TracerResolver not configured, tracing is disabled
2021.08.11 11:53:40 WARNING io.helidon.microprofile.tracing.TracingCdiExtension Thread[main,5,main]: helidon-microprofile-tracing is on the classpath, yet there is no tracer implementation library. Tracing uses a no-op tracer. As a result, no tracing will be configured for WebServer and JAX-RS
2021.08.11 11:53:40 INFO io.helidon.microprofile.security.SecurityCdiExtension Thread[main,5,main]: Authentication provider is missing from security configuration, but security extension for microprofile is enabled (requires providers configuration at key security.providers). Security will not have any valid authentication provider
2021.08.11 11:53:40 INFO io.helidon.microprofile.security.SecurityCdiExtension Thread[main,5,main]: Authorization provider is missing from security configuration, but security extension for microprofile is enabled (requires providers configuration at key security.providers). ABAC provider is configured for authorization.
2021.08.11 11:53:41 INFO io.helidon.microprofile.server.ServerCdiExtension Thread[main,5,main]: Registering JAX-RS Application: HelidonMP
2021.08.11 11:53:41 INFO io.helidon.webserver.NettyWebServer Thread[nioEventLoopGroup-2-1,10,main]: Channel '@default' started: [id: 0x6267103c, L:/0:0:0:0:0:0:0:0:8080]
2021.08.11 11:53:41 INFO io.helidon.microprofile.server.ServerCdiExtension Thread[main,5,main]: Server started on http://localhost:8080 (and all other host addresses) in 3990 milliseconds (since JVM startup).
2021.08.11 11:53:41 INFO io.helidon.common.HelidonFeatures Thread[features-thread,5,main]: Helidon MP 2.3.2 features: [CDI, Config, Fault Tolerance, Health, JAX-RS, Metrics, Open API, REST Client, Security, Server, Tracing]
{"Welcome to GraalVM Polyglot EMEA HOL!"}
]]></system-out>
  </testcase>
</testsuite>